2025-12-31 11:14:19 | INFO     | ============================================================
2025-12-31 11:14:19 | INFO     | DES Data Collection Script - Standalone
2025-12-31 11:14:19 | INFO     | ============================================================
2025-12-31 11:14:19 | INFO     | 📦 Connecting to database...
2025-12-31 11:14:19 | DEBUG    | Database connection established
2025-12-31 11:14:19 | INFO     | ✅ Database connection established
2025-12-31 11:14:19 | INFO     | 🔌 Initializing Godel Terminal controller...
2025-12-31 11:14:31 | INFO     | ✅ Godel controller initialized successfully
2025-12-31 11:14:31 | INFO     | 🔍 Finding tickers that need DES data (max age: 7 days)...
2025-12-31 11:14:31 | INFO     | 📋 Found 53 tickers needing DES data: ['AMD', 'ARM', 'AVGO', 'B', 'BA', 'BABA', 'BAC', 'BP', 'C', 'CNQ']...
2025-12-31 11:14:31 | INFO     | 
📦 Processing batch 1 (5 tickers)...
2025-12-31 11:14:31 | INFO     | 📊 Collecting DES data for AMD...
2025-12-31 11:14:38 | INFO     | ✅ Successfully collected DES data for AMD
2025-12-31 11:14:38 | DEBUG    | DES data upserted for AMD
2025-12-31 11:14:38 | INFO     | 💾 Saved DES data for AMD to database
2025-12-31 11:14:41 | INFO     | 📊 Collecting DES data for ARM...
2025-12-31 11:14:47 | INFO     | ✅ Successfully collected DES data for ARM
2025-12-31 11:14:48 | DEBUG    | DES data upserted for ARM
2025-12-31 11:14:48 | INFO     | 💾 Saved DES data for ARM to database
2025-12-31 11:14:51 | INFO     | 📊 Collecting DES data for AVGO...
2025-12-31 11:14:56 | INFO     | ✅ Successfully collected DES data for AVGO
2025-12-31 11:14:56 | DEBUG    | DES data upserted for AVGO
2025-12-31 11:14:56 | INFO     | 💾 Saved DES data for AVGO to database
2025-12-31 11:14:59 | INFO     | 📊 Collecting DES data for B...
2025-12-31 11:15:06 | INFO     | ✅ Successfully collected DES data for B
2025-12-31 11:15:07 | DEBUG    | DES data upserted for B
2025-12-31 11:15:07 | INFO     | 💾 Saved DES data for B to database
2025-12-31 11:15:10 | INFO     | 📊 Collecting DES data for BA...
2025-12-31 11:15:21 | INFO     | ✅ Successfully collected DES data for BA
2025-12-31 11:15:21 | DEBUG    | DES data upserted for BA
2025-12-31 11:15:21 | INFO     | 💾 Saved DES data for BA to database
2025-12-31 11:15:21 | INFO     | ⏸️  Waiting 10 seconds before next batch...
2025-12-31 11:15:31 | INFO     | 
📦 Processing batch 2 (5 tickers)...
2025-12-31 11:15:31 | INFO     | 📊 Collecting DES data for BABA...
2025-12-31 11:15:37 | INFO     | ✅ Successfully collected DES data for BABA
2025-12-31 11:15:37 | DEBUG    | DES data upserted for BABA
2025-12-31 11:15:37 | INFO     | 💾 Saved DES data for BABA to database
2025-12-31 11:15:40 | INFO     | 📊 Collecting DES data for BAC...
2025-12-31 11:15:47 | INFO     | ✅ Successfully collected DES data for BAC
2025-12-31 11:15:47 | DEBUG    | DES data upserted for BAC
2025-12-31 11:15:47 | INFO     | 💾 Saved DES data for BAC to database
2025-12-31 11:15:50 | INFO     | 📊 Collecting DES data for BP...
2025-12-31 11:15:56 | INFO     | ✅ Successfully collected DES data for BP
2025-12-31 11:15:56 | DEBUG    | DES data upserted for BP
2025-12-31 11:15:56 | INFO     | 💾 Saved DES data for BP to database
2025-12-31 11:15:59 | INFO     | 📊 Collecting DES data for C...
2025-12-31 11:16:06 | INFO     | ✅ Successfully collected DES data for C
2025-12-31 11:16:06 | DEBUG    | DES data upserted for C
2025-12-31 11:16:06 | INFO     | 💾 Saved DES data for C to database
2025-12-31 11:16:09 | INFO     | 📊 Collecting DES data for CNQ...
2025-12-31 11:16:15 | INFO     | ✅ Successfully collected DES data for CNQ
2025-12-31 11:16:15 | DEBUG    | DES data upserted for CNQ
2025-12-31 11:16:15 | INFO     | 💾 Saved DES data for CNQ to database
2025-12-31 11:16:15 | INFO     | ⏸️  Waiting 10 seconds before next batch...
2025-12-31 11:16:25 | INFO     | 
📦 Processing batch 3 (5 tickers)...
2025-12-31 11:16:25 | INFO     | 📊 Collecting DES data for COIN...
2025-12-31 11:16:31 | INFO     | ✅ Successfully collected DES data for COIN
2025-12-31 11:16:31 | DEBUG    | DES data upserted for COIN
2025-12-31 11:16:31 | INFO     | 💾 Saved DES data for COIN to database
2025-12-31 11:16:34 | INFO     | 📊 Collecting DES data for CSCO...
2025-12-31 11:16:35 | INFO     | 
🛑 Script interrupted by user
2025-12-31 11:16:35 | INFO     | 🧹 Cleaning up Godel controller...
2025-12-31 11:17:56 | INFO     | ============================================================
2025-12-31 11:17:56 | INFO     | DES Data Collection Script - Standalone
2025-12-31 11:17:56 | INFO     | ============================================================
2025-12-31 11:17:56 | INFO     | 📦 Connecting to database...
2025-12-31 11:17:56 | DEBUG    | Database connection established
2025-12-31 11:17:56 | INFO     | ✅ Database connection established
2025-12-31 11:17:56 | INFO     | 🔌 Initializing Godel Terminal controller...
2025-12-31 11:18:06 | INFO     | ✅ Godel controller initialized successfully
2025-12-31 11:18:06 | INFO     | 🔍 Finding tickers that need DES data (max age: 7 days)...
2025-12-31 11:18:07 | INFO     | 📋 Found 42 tickers needing DES data: ['CSCO', 'CSX', 'CVX', 'DELL', 'DIS', 'F', 'FCX', 'GM', 'HOOD', 'INFY']...
2025-12-31 11:18:07 | INFO     | 
📦 Processing batch 1 (5 tickers)...
2025-12-31 11:18:07 | INFO     | 📊 Collecting DES data for CSCO...
2025-12-31 11:18:14 | INFO     | ✅ Successfully collected DES data for CSCO
2025-12-31 11:18:14 | DEBUG    | DES data upserted for CSCO
2025-12-31 11:18:14 | INFO     | 💾 Saved DES data for CSCO to database
2025-12-31 11:18:17 | INFO     | 📊 Collecting DES data for CSX...
2025-12-31 11:18:24 | INFO     | ✅ Successfully collected DES data for CSX
2025-12-31 11:18:24 | DEBUG    | DES data upserted for CSX
2025-12-31 11:18:24 | INFO     | 💾 Saved DES data for CSX to database
2025-12-31 11:18:27 | INFO     | 📊 Collecting DES data for CVX...
2025-12-31 11:18:33 | INFO     | ✅ Successfully collected DES data for CVX
2025-12-31 11:18:33 | DEBUG    | DES data upserted for CVX
2025-12-31 11:18:33 | INFO     | 💾 Saved DES data for CVX to database
2025-12-31 11:18:36 | INFO     | 📊 Collecting DES data for DELL...
2025-12-31 11:18:43 | INFO     | ✅ Successfully collected DES data for DELL
2025-12-31 11:18:43 | DEBUG    | DES data upserted for DELL
2025-12-31 11:18:43 | INFO     | 💾 Saved DES data for DELL to database
2025-12-31 11:18:46 | INFO     | 📊 Collecting DES data for DIS...
2025-12-31 11:18:56 | INFO     | ✅ Successfully collected DES data for DIS
2025-12-31 11:18:56 | DEBUG    | DES data upserted for DIS
2025-12-31 11:18:56 | INFO     | 💾 Saved DES data for DIS to database
2025-12-31 11:18:56 | INFO     | ⏸️  Waiting 10 seconds before next batch...
2025-12-31 11:19:06 | INFO     | 
📦 Processing batch 2 (5 tickers)...
2025-12-31 11:19:06 | INFO     | 📊 Collecting DES data for F...
2025-12-31 11:19:13 | INFO     | ✅ Successfully collected DES data for F
2025-12-31 11:19:13 | DEBUG    | DES data upserted for F
2025-12-31 11:19:13 | INFO     | 💾 Saved DES data for F to database
2025-12-31 11:19:16 | INFO     | 📊 Collecting DES data for FCX...
2025-12-31 11:19:22 | INFO     | ✅ Successfully collected DES data for FCX
2025-12-31 11:19:22 | DEBUG    | DES data upserted for FCX
2025-12-31 11:19:22 | INFO     | 💾 Saved DES data for FCX to database
2025-12-31 11:19:25 | INFO     | 📊 Collecting DES data for GM...
2025-12-31 11:19:32 | INFO     | ✅ Successfully collected DES data for GM
2025-12-31 11:19:32 | DEBUG    | DES data upserted for GM
2025-12-31 11:19:32 | INFO     | 💾 Saved DES data for GM to database
2025-12-31 11:19:35 | INFO     | 📊 Collecting DES data for HOOD...
2025-12-31 11:19:41 | INFO     | ✅ Successfully collected DES data for HOOD
2025-12-31 11:19:41 | DEBUG    | DES data upserted for HOOD
2025-12-31 11:19:41 | INFO     | 💾 Saved DES data for HOOD to database
2025-12-31 11:19:44 | INFO     | 📊 Collecting DES data for INFY...
2025-12-31 11:19:50 | INFO     | ✅ Successfully collected DES data for INFY
2025-12-31 11:19:50 | DEBUG    | DES data upserted for INFY
2025-12-31 11:19:50 | INFO     | 💾 Saved DES data for INFY to database
2025-12-31 11:19:50 | INFO     | ⏸️  Waiting 10 seconds before next batch...
2025-12-31 11:20:00 | INFO     | 
📦 Processing batch 3 (5 tickers)...
2025-12-31 11:20:00 | INFO     | 📊 Collecting DES data for INTC...
2025-12-31 11:20:06 | INFO     | ✅ Successfully collected DES data for INTC
2025-12-31 11:20:06 | DEBUG    | DES data upserted for INTC
2025-12-31 11:20:06 | INFO     | 💾 Saved DES data for INTC to database
2025-12-31 11:20:09 | INFO     | 📊 Collecting DES data for ITUB...
2025-12-31 11:20:15 | INFO     | ✅ Successfully collected DES data for ITUB
2025-12-31 11:20:15 | DEBUG    | DES data upserted for ITUB
2025-12-31 11:20:15 | INFO     | 💾 Saved DES data for ITUB to database
2025-12-31 11:20:18 | INFO     | 📊 Collecting DES data for KO...
2025-12-31 11:20:24 | INFO     | ✅ Successfully collected DES data for KO
2025-12-31 11:20:25 | DEBUG    | DES data upserted for KO
2025-12-31 11:20:25 | INFO     | 💾 Saved DES data for KO to database
2025-12-31 11:20:28 | INFO     | 📊 Collecting DES data for LRCX...
2025-12-31 11:20:34 | INFO     | ✅ Successfully collected DES data for LRCX
2025-12-31 11:20:34 | DEBUG    | DES data upserted for LRCX
2025-12-31 11:20:34 | INFO     | 💾 Saved DES data for LRCX to database
2025-12-31 11:20:37 | INFO     | 📊 Collecting DES data for LYG...
2025-12-31 11:20:42 | INFO     | ✅ Successfully collected DES data for LYG
2025-12-31 11:20:42 | DEBUG    | DES data upserted for LYG
2025-12-31 11:20:42 | INFO     | 💾 Saved DES data for LYG to database
2025-12-31 11:20:42 | INFO     | ⏸️  Waiting 10 seconds before next batch...
2025-12-31 11:20:52 | INFO     | 
📦 Processing batch 4 (5 tickers)...
2025-12-31 11:20:52 | INFO     | 📊 Collecting DES data for MRK...
2025-12-31 11:20:59 | INFO     | ✅ Successfully collected DES data for MRK
2025-12-31 11:20:59 | DEBUG    | DES data upserted for MRK
2025-12-31 11:20:59 | INFO     | 💾 Saved DES data for MRK to database
2025-12-31 11:21:02 | INFO     | 📊 Collecting DES data for MRVL...
2025-12-31 11:21:08 | INFO     | ✅ Successfully collected DES data for MRVL
2025-12-31 11:21:08 | DEBUG    | DES data upserted for MRVL
2025-12-31 11:21:08 | INFO     | 💾 Saved DES data for MRVL to database
2025-12-31 11:21:11 | INFO     | 📊 Collecting DES data for MU...
2025-12-31 11:21:17 | INFO     | ✅ Successfully collected DES data for MU
2025-12-31 11:21:17 | DEBUG    | DES data upserted for MU
2025-12-31 11:21:17 | INFO     | 💾 Saved DES data for MU to database
2025-12-31 11:21:20 | INFO     | 📊 Collecting DES data for NEM...
2025-12-31 11:21:26 | INFO     | ✅ Successfully collected DES data for NEM
2025-12-31 11:21:26 | DEBUG    | DES data upserted for NEM
2025-12-31 11:21:26 | INFO     | 💾 Saved DES data for NEM to database
2025-12-31 11:21:29 | INFO     | 📊 Collecting DES data for NFLX...
2025-12-31 11:21:35 | INFO     | ✅ Successfully collected DES data for NFLX
2025-12-31 11:21:36 | DEBUG    | DES data upserted for NFLX
2025-12-31 11:21:36 | INFO     | 💾 Saved DES data for NFLX to database
2025-12-31 11:21:36 | INFO     | ⏸️  Waiting 10 seconds before next batch...
2025-12-31 11:21:46 | INFO     | 
📦 Processing batch 5 (5 tickers)...
2025-12-31 11:21:46 | INFO     | 📊 Collecting DES data for NKE...
2025-12-31 11:21:52 | INFO     | ✅ Successfully collected DES data for NKE
2025-12-31 11:21:52 | DEBUG    | DES data upserted for NKE
2025-12-31 11:21:52 | INFO     | 💾 Saved DES data for NKE to database
2025-12-31 11:21:55 | INFO     | 📊 Collecting DES data for NVDA...
2025-12-31 11:22:02 | INFO     | ✅ Successfully collected DES data for NVDA
2025-12-31 11:22:02 | DEBUG    | DES data upserted for NVDA
2025-12-31 11:22:02 | INFO     | 💾 Saved DES data for NVDA to database
2025-12-31 11:22:05 | INFO     | 📊 Collecting DES data for ORCL...
2025-12-31 11:22:12 | INFO     | ✅ Successfully collected DES data for ORCL
2025-12-31 11:22:12 | DEBUG    | DES data upserted for ORCL
2025-12-31 11:22:12 | INFO     | 💾 Saved DES data for ORCL to database
2025-12-31 11:22:15 | INFO     | 📊 Collecting DES data for PDD...
2025-12-31 11:22:20 | INFO     | ✅ Successfully collected DES data for PDD
2025-12-31 11:22:21 | DEBUG    | DES data upserted for PDD
2025-12-31 11:22:21 | INFO     | 💾 Saved DES data for PDD to database
2025-12-31 11:22:24 | INFO     | 📊 Collecting DES data for PFE...
2025-12-31 11:22:30 | INFO     | ✅ Successfully collected DES data for PFE
2025-12-31 11:22:30 | DEBUG    | DES data upserted for PFE
2025-12-31 11:22:30 | INFO     | 💾 Saved DES data for PFE to database
2025-12-31 11:22:30 | INFO     | ⏸️  Waiting 10 seconds before next batch...
2025-12-31 11:22:40 | INFO     | 
📦 Processing batch 6 (5 tickers)...
2025-12-31 11:22:40 | INFO     | 📊 Collecting DES data for PLTR...
2025-12-31 11:22:46 | INFO     | ✅ Successfully collected DES data for PLTR
2025-12-31 11:22:46 | DEBUG    | DES data upserted for PLTR
2025-12-31 11:22:46 | INFO     | 💾 Saved DES data for PLTR to database
2025-12-31 11:22:49 | INFO     | 📊 Collecting DES data for RBLX...
2025-12-31 11:22:56 | INFO     | ✅ Successfully collected DES data for RBLX
2025-12-31 11:22:56 | DEBUG    | DES data upserted for RBLX
2025-12-31 11:22:56 | INFO     | 💾 Saved DES data for RBLX to database
2025-12-31 11:22:59 | INFO     | 📊 Collecting DES data for SHOP...
2025-12-31 11:23:06 | INFO     | ✅ Successfully collected DES data for SHOP
2025-12-31 11:23:06 | DEBUG    | DES data upserted for SHOP
2025-12-31 11:23:06 | INFO     | 💾 Saved DES data for SHOP to database
2025-12-31 11:23:09 | INFO     | 📊 Collecting DES data for SLB...
2025-12-31 11:23:15 | INFO     | ✅ Successfully collected DES data for SLB
2025-12-31 11:23:15 | DEBUG    | DES data upserted for SLB
2025-12-31 11:23:15 | INFO     | 💾 Saved DES data for SLB to database
2025-12-31 11:23:18 | INFO     | 📊 Collecting DES data for T...
2025-12-31 11:23:24 | INFO     | ✅ Successfully collected DES data for T
2025-12-31 11:23:24 | DEBUG    | DES data upserted for T
2025-12-31 11:23:24 | INFO     | 💾 Saved DES data for T to database
2025-12-31 11:23:24 | INFO     | ⏸️  Waiting 10 seconds before next batch...
2025-12-31 11:23:34 | INFO     | 
📦 Processing batch 7 (5 tickers)...
2025-12-31 11:23:34 | INFO     | 📊 Collecting DES data for TSLA...
2025-12-31 11:23:40 | INFO     | ✅ Successfully collected DES data for TSLA
2025-12-31 11:23:40 | DEBUG    | DES data upserted for TSLA
2025-12-31 11:23:40 | INFO     | 💾 Saved DES data for TSLA to database
2025-12-31 11:23:43 | INFO     | 📊 Collecting DES data for TSM...
2025-12-31 11:23:49 | INFO     | ✅ Successfully collected DES data for TSM
2025-12-31 11:23:49 | DEBUG    | DES data upserted for TSM
2025-12-31 11:23:49 | INFO     | 💾 Saved DES data for TSM to database
2025-12-31 11:23:52 | INFO     | 📊 Collecting DES data for TXN...
2025-12-31 11:23:58 | INFO     | ✅ Successfully collected DES data for TXN
2025-12-31 11:23:58 | DEBUG    | DES data upserted for TXN
2025-12-31 11:23:58 | INFO     | 💾 Saved DES data for TXN to database
2025-12-31 11:24:01 | INFO     | 📊 Collecting DES data for UBER...
2025-12-31 11:24:07 | INFO     | ✅ Successfully collected DES data for UBER
2025-12-31 11:24:07 | DEBUG    | DES data upserted for UBER
2025-12-31 11:24:07 | INFO     | 💾 Saved DES data for UBER to database
2025-12-31 11:24:10 | INFO     | 📊 Collecting DES data for UNH...
2025-12-31 11:24:16 | INFO     | ✅ Successfully collected DES data for UNH
2025-12-31 11:24:16 | DEBUG    | DES data upserted for UNH
2025-12-31 11:24:16 | INFO     | 💾 Saved DES data for UNH to database
2025-12-31 11:24:16 | INFO     | ⏸️  Waiting 10 seconds before next batch...
2025-12-31 11:24:26 | INFO     | 
📦 Processing batch 8 (5 tickers)...
2025-12-31 11:24:26 | INFO     | 📊 Collecting DES data for USB...
2025-12-31 11:24:33 | INFO     | ✅ Successfully collected DES data for USB
2025-12-31 11:24:33 | DEBUG    | DES data upserted for USB
2025-12-31 11:24:33 | INFO     | 💾 Saved DES data for USB to database
2025-12-31 11:24:36 | INFO     | 📊 Collecting DES data for VRT...
2025-12-31 11:24:42 | INFO     | ✅ Successfully collected DES data for VRT
2025-12-31 11:24:42 | DEBUG    | DES data upserted for VRT
2025-12-31 11:24:42 | INFO     | 💾 Saved DES data for VRT to database
2025-12-31 11:24:45 | INFO     | 📊 Collecting DES data for WBD...
2025-12-31 11:24:51 | INFO     | ✅ Successfully collected DES data for WBD
2025-12-31 11:24:51 | DEBUG    | DES data upserted for WBD
2025-12-31 11:24:51 | INFO     | 💾 Saved DES data for WBD to database
2025-12-31 11:24:54 | INFO     | 📊 Collecting DES data for WDC...
2025-12-31 11:25:00 | INFO     | ✅ Successfully collected DES data for WDC
2025-12-31 11:25:01 | DEBUG    | DES data upserted for WDC
2025-12-31 11:25:01 | INFO     | 💾 Saved DES data for WDC to database
2025-12-31 11:25:04 | INFO     | 📊 Collecting DES data for WFC...
2025-12-31 11:25:10 | INFO     | ✅ Successfully collected DES data for WFC
2025-12-31 11:25:11 | DEBUG    | DES data upserted for WFC
2025-12-31 11:25:11 | INFO     | 💾 Saved DES data for WFC to database
2025-12-31 11:25:11 | INFO     | ⏸️  Waiting 10 seconds before next batch...
2025-12-31 11:25:21 | INFO     | 
📦 Processing batch 9 (2 tickers)...
2025-12-31 11:25:21 | INFO     | 📊 Collecting DES data for WMT...
2025-12-31 11:25:26 | INFO     | ✅ Successfully collected DES data for WMT
2025-12-31 11:25:26 | DEBUG    | DES data upserted for WMT
2025-12-31 11:25:26 | INFO     | 💾 Saved DES data for WMT to database
2025-12-31 11:25:29 | INFO     | 📊 Collecting DES data for XOM...
2025-12-31 11:25:36 | INFO     | ✅ Successfully collected DES data for XOM
2025-12-31 11:25:36 | DEBUG    | DES data upserted for XOM
2025-12-31 11:25:36 | INFO     | 💾 Saved DES data for XOM to database
2025-12-31 11:25:36 | INFO     | 
============================================================
2025-12-31 11:25:36 | INFO     | 📊 Collection Summary
2025-12-31 11:25:36 | INFO     | ============================================================
2025-12-31 11:25:36 | INFO     | Total tickers processed: 42
2025-12-31 11:25:36 | INFO     | ✅ Successful: 42
2025-12-31 11:25:36 | INFO     | ❌ Failed: 0
2025-12-31 11:25:36 | INFO     | 📈 Success rate: 100.0%
2025-12-31 11:25:36 | INFO     | ============================================================
2025-12-31 11:25:36 | INFO     | 🧹 Cleaning up Godel controller...
2025-12-31 11:25:41 | INFO     | ✅ Controller closed successfully
2025-12-31 11:25:41 | DEBUG    | Database connection closed
2025-12-31 11:25:41 | INFO     | ✅ Database connection closed
